12/07/2021 14:23:30	This log contains information about the import schema operation into project 'DB_MFR' on computer 'PORTW10085' by user 'dpacini'.
12/07/2021 14:23:31	Import of database schema has started.
12/07/2021 14:23:45	Gathering database credentials
12/07/2021 14:23:45	Gathering database options
12/07/2021 14:23:45	Gathering users
12/07/2021 14:23:45	Gathering roles
12/07/2021 14:23:45	Gathering application roles
12/07/2021 14:23:45	Gathering role memberships
12/07/2021 14:23:45	Gathering filegroups
12/07/2021 14:23:45	Gathering full-text catalogs
12/07/2021 14:23:45	Gathering assemblies
12/07/2021 14:23:45	Gathering certificates
12/07/2021 14:23:45	Gathering asymmetric keys
12/07/2021 14:23:45	Gathering symmetric keys
12/07/2021 14:23:45	Gathering encrypted symmetric keys
12/07/2021 14:23:45	Gathering schemas
12/07/2021 14:23:45	Gathering XML schema collections
12/07/2021 14:23:45	Gathering user-defined data types
12/07/2021 14:23:45	Gathering user-defined types
12/07/2021 14:23:45	Gathering table types
12/07/2021 14:23:45	Gathering unique keys for table types
12/07/2021 14:23:45	Gathering primary keys for table types
12/07/2021 14:23:45	Gathering indexes for table types
12/07/2021 14:23:45	Gathering check constraints for table types
12/07/2021 14:23:45	Gathering default constraints for table types
12/07/2021 14:23:45	Gathering partition functions
12/07/2021 14:23:45	Gathering partition schemes
12/07/2021 14:23:45	Gathering functions
12/07/2021 14:23:45	Gathering encrypted functions
12/07/2021 14:23:45	Gathering aggregates
12/07/2021 14:23:45	Gathering procedures
12/07/2021 14:23:45	Gathering encrypted procedures
12/07/2021 14:23:45	Gathering tables
12/07/2021 14:23:45	Gathering primary keys
12/07/2021 14:23:45	Gathering unique constraints
12/07/2021 14:23:45	Gathering foreign keys
12/07/2021 14:23:45	Gathering default constraints
12/07/2021 14:23:45	Gathering check constraints
12/07/2021 14:23:45	Gathering views
12/07/2021 14:23:45	Gathering encrypted views
12/07/2021 14:23:45	Gathering indexes
12/07/2021 14:23:45	Gathering statistics
12/07/2021 14:23:45	Gathering full-text index stoplists
12/07/2021 14:23:45	Gathering search property lists
12/07/2021 14:23:45	Gathering search properties
12/07/2021 14:23:45	Gathering full-text indexes
12/07/2021 14:23:45	Gathering column store indexes
12/07/2021 14:23:45	Gathering spatial indexes
12/07/2021 14:23:46	Gathering XML indexes
12/07/2021 14:23:46	Gathering Selective XML indexes
12/07/2021 14:23:46	Gathering encrypted triggers
12/07/2021 14:23:46	Gathering triggers
12/07/2021 14:23:46	Gathering encrypted and clr ddl triggers
12/07/2021 14:23:46	Gathering ddl triggers
12/07/2021 14:23:46	Gathering synonyms
12/07/2021 14:23:46	Gathering defaults
12/07/2021 14:23:46	Gathering data constraint uddt bindings
12/07/2021 14:23:46	Gathering rules
12/07/2021 14:23:46	Gathering data constraint uddt bindings
12/07/2021 14:23:46	Gathering message types
12/07/2021 14:23:46	Gathering queues
12/07/2021 14:23:46	Gathering contracts
12/07/2021 14:23:46	Gathering services
12/07/2021 14:23:46	Gathering event notifications
12/07/2021 14:23:46	Gathering remote service bindings
12/07/2021 14:23:46	Gathering broker priorities
12/07/2021 14:23:46	Gathering signatures
12/07/2021 14:23:46	Gathering data compression options
12/07/2021 14:23:46	Gathering sequence types
12/07/2021 14:23:46	Gathering security policies
12/07/2021 14:23:46	Gather column encryption keys
12/07/2021 14:23:46	Gathering column master keys
12/07/2021 14:23:46	Gathering external data sources
12/07/2021 14:23:46	Gathering external file formats
12/07/2021 14:23:46	Gathering external tables
12/07/2021 14:23:46	Gathering extended properties
12/07/2021 14:23:48	Gathering credentials
12/07/2021 14:23:48	Gathering logins
12/07/2021 14:23:48	Gathering server audits
12/07/2021 14:23:50	Finished importing database.
12/07/2021 14:23:50	A summary of the import was saved to the following location: C:\Users\dpacini\source\repos\MFR\DB_MFR\Import Schema Logs\DB_MFR_20210712122330.log
12/07/2021 14:23:50	Click Finish to continue...
