12/07/2021 14:25:29	This log contains information about the import schema operation into project 'DB_MFR' on computer 'PORTW10085' by user 'dpacini'.
12/07/2021 14:25:29	Import of database schema has started.
12/07/2021 14:25:44	Gathering database credentials
12/07/2021 14:25:44	Gathering database options
12/07/2021 14:25:44	Gathering users
12/07/2021 14:25:44	Gathering roles
12/07/2021 14:25:44	Gathering application roles
12/07/2021 14:25:44	Gathering role memberships
12/07/2021 14:25:44	Gathering filegroups
12/07/2021 14:25:44	Gathering files
12/07/2021 14:25:44	Gathering full-text catalogs
12/07/2021 14:25:44	Gathering assemblies
12/07/2021 14:25:44	Gathering certificates
12/07/2021 14:25:44	Gathering asymmetric keys
12/07/2021 14:25:44	Gathering symmetric keys
12/07/2021 14:25:44	Gathering encrypted symmetric keys
12/07/2021 14:25:44	Gathering schemas
12/07/2021 14:25:44	Gathering XML schema collections
12/07/2021 14:25:44	Gathering user-defined data types
12/07/2021 14:25:44	Gathering user-defined types
12/07/2021 14:25:44	Gathering table types
12/07/2021 14:25:44	Gathering unique keys for table types
12/07/2021 14:25:44	Gathering primary keys for table types
12/07/2021 14:25:44	Gathering indexes for table types
12/07/2021 14:25:44	Gathering check constraints for table types
12/07/2021 14:25:44	Gathering default constraints for table types
12/07/2021 14:25:44	Gathering partition functions
12/07/2021 14:25:44	Gathering partition schemes
12/07/2021 14:25:44	Gathering functions
12/07/2021 14:25:44	Gathering encrypted functions
12/07/2021 14:25:44	Gathering aggregates
12/07/2021 14:25:44	Gathering procedures
12/07/2021 14:25:44	Gathering encrypted procedures
12/07/2021 14:25:44	Gathering tables
12/07/2021 14:25:44	Gathering primary keys
12/07/2021 14:25:44	Gathering unique constraints
12/07/2021 14:25:44	Gathering foreign keys
12/07/2021 14:25:44	Gathering default constraints
12/07/2021 14:25:44	Gathering check constraints
12/07/2021 14:25:44	Gathering views
12/07/2021 14:25:44	Gathering encrypted views
12/07/2021 14:25:44	Gathering indexes
12/07/2021 14:25:44	Gathering statistics
12/07/2021 14:25:44	Gathering full-text index stoplists
12/07/2021 14:25:44	Gathering search property lists
12/07/2021 14:25:44	Gathering search properties
12/07/2021 14:25:44	Gathering full-text indexes
12/07/2021 14:25:44	Gathering column store indexes
12/07/2021 14:25:44	Gathering spatial indexes
12/07/2021 14:25:44	Gathering XML indexes
12/07/2021 14:25:44	Gathering Selective XML indexes
12/07/2021 14:25:44	Gathering encrypted triggers
12/07/2021 14:25:44	Gathering triggers
12/07/2021 14:25:44	Gathering encrypted and clr ddl triggers
12/07/2021 14:25:44	Gathering ddl triggers
12/07/2021 14:25:44	Gathering synonyms
12/07/2021 14:25:44	Gathering defaults
12/07/2021 14:25:44	Gathering data constraint uddt bindings
12/07/2021 14:25:44	Gathering rules
12/07/2021 14:25:44	Gathering data constraint uddt bindings
12/07/2021 14:25:44	Gathering message types
12/07/2021 14:25:44	Gathering queues
12/07/2021 14:25:44	Gathering contracts
12/07/2021 14:25:44	Gathering services
12/07/2021 14:25:44	Gathering routes
12/07/2021 14:25:44	Gathering event notifications
12/07/2021 14:25:44	Gathering remote service bindings
12/07/2021 14:25:44	Gathering broker priorities
12/07/2021 14:25:45	Gathering database audit specifications
12/07/2021 14:25:45	Gathering signatures
12/07/2021 14:25:45	Gathering data compression options
12/07/2021 14:25:45	Gathering sequence types
12/07/2021 14:25:45	Gathering security policies
12/07/2021 14:25:45	Gather column encryption keys
12/07/2021 14:25:45	Gathering column master keys
12/07/2021 14:25:45	Gathering external data sources
12/07/2021 14:25:45	Gathering external file formats
12/07/2021 14:25:45	Gathering external tables
12/07/2021 14:25:45	Gathering database permissions
12/07/2021 14:25:45	Gathering extended properties
12/07/2021 14:25:49	Gathering credentials
12/07/2021 14:25:49	Gathering logins
12/07/2021 14:25:49	Gathering server audits
12/07/2021 14:25:50	Scanning project for duplicate elements
12/07/2021 14:25:50	Finished duplicate element processing
12/07/2021 14:25:51	Finished importing database.
12/07/2021 14:25:51	A summary of the import was saved to the following location: C:\Users\dpacini\source\repos\MFR\DB_MFR\Import Schema Logs\DB_MFR_20210712122529.log
12/07/2021 14:25:51	Click Finish to continue...
